0 info it worked if it ends with ok
1 verbose cli [ '/Users/dbye/projects/interviews/node-express/nenv/bin/node',
1 verbose cli   '/Users/dbye/projects/interviews/node-express/nenv/bin/npm',
1 verbose cli   'start' ]
2 info using npm@3.6.0
3 info using node@v5.6.0
4 verbose run-script [ 'prestart', 'start', 'poststart' ]
5 info lifecycle chatters@0.0.0~prestart: chatters@0.0.0
6 silly lifecycle chatters@0.0.0~prestart: no script for prestart, continuing
7 info lifecycle chatters@0.0.0~start: chatters@0.0.0
8 verbose lifecycle chatters@0.0.0~start: unsafe-perm in lifecycle true
9 verbose lifecycle chatters@0.0.0~start: PATH: /Users/dbye/projects/interviews/node-express/nenv/lib/node_modules/npm/bin/node-gyp-bin:/Users/dbye/projects/interviews/node-express/chatters/node_modules/.bin:/Users/dbye/projects/interviews/node-express/nenv/bin:/Users/dbye/bin/Sencha/Cmd/5.1.3.61:/Users/dbye/bin/Sencha/Cmd/6.0.2.14/..:/usr/local/bin:/usr/bin:/bin:/usr/sbin:/sbin:/usr/local/MacGPG2/bin
10 verbose lifecycle chatters@0.0.0~start: CWD: /Users/dbye/projects/interviews/node-express/chatters
11 silly lifecycle chatters@0.0.0~start: Args: [ '-c', 'node ./bin/www' ]
12 silly lifecycle chatters@0.0.0~start: Returned: code: 1  signal: null
13 info lifecycle chatters@0.0.0~start: Failed to exec start script
14 verbose stack Error: chatters@0.0.0 start: `node ./bin/www`
14 verbose stack Exit status 1
14 verbose stack     at EventEmitter.<anonymous> (/Users/dbye/projects/interviews/node-express/nenv/lib/node_modules/npm/lib/utils/lifecycle.js:232:16)
14 verbose stack     at emitTwo (events.js:100:13)
14 verbose stack     at EventEmitter.emit (events.js:185:7)
14 verbose stack     at ChildProcess.<anonymous> (/Users/dbye/projects/interviews/node-express/nenv/lib/node_modules/npm/lib/utils/spawn.js:24:14)
14 verbose stack     at emitTwo (events.js:100:13)
14 verbose stack     at ChildProcess.emit (events.js:185:7)
14 verbose stack     at maybeClose (internal/child_process.js:827:16)
14 verbose stack     at Process.ChildProcess._handle.onexit (internal/child_process.js:211:5)
15 verbose pkgid chatters@0.0.0
16 verbose cwd /Users/dbye/projects/interviews/node-express/chatters
17 error Darwin 14.5.0
18 error argv "/Users/dbye/projects/interviews/node-express/nenv/bin/node" "/Users/dbye/projects/interviews/node-express/nenv/bin/npm" "start"
19 error node v5.6.0
20 error npm  v3.6.0
21 error code ELIFECYCLE
22 error chatters@0.0.0 start: `node ./bin/www`
22 error Exit status 1
23 error Failed at the chatters@0.0.0 start script 'node ./bin/www'.
23 error Make sure you have the latest version of node.js and npm installed.
23 error If you do, this is most likely a problem with the chatters package,
23 error not with npm itself.
23 error Tell the author that this fails on your system:
23 error     node ./bin/www
23 error You can get information on how to open an issue for this project with:
23 error     npm bugs chatters
23 error Or if that isn't available, you can get their info via:
23 error     npm owner ls chatters
23 error There is likely additional logging output above.
24 verbose exit [ 1, true ]
